<?xml version="1.0" encoding="UTF-8"?>
<!-- Generated by org.testng.reporters.JUnitReportReporter -->
<testsuite hostname="P4CLAP-19GNS93" failures="0" tests="1" name="PS1" time="0.011" errors="0" timestamp="2023-09-05T23:10:31 IST" skipped="0">
  <testcase classname="PS1" name="testRun" time="0.011"/>
</testsuite> <!-- PS1 -->
